<?xml version="1.0" ?>
<coverage version="7.3.0" timestamp="1695949238348" lines-valid="12" lines-covered="9" line-rate="0.75" branches-covered="2" branches-valid="4" branch-rate="0.5" complexity="0">
    <sources>
        <source>/home/user/project</source>
    </sources>
    <packages>
        <package name="app" line-rate="0.75" branch-rate="0.5" complexity="0">
            <classes>
                <class name="app.py" filename="src/app.py" complexity="0" line-rate="0.8" branch-rate="0.5">
                    <methods>
                        <method name="run" signature="()" line-rate="1.0" branch-rate="0">
                            <lines>
                                <line number="3" hits="5"/>
                                <line number="4" hits="5"/>
                                <line number="5" hits="3"/>
                            </lines>
                        </method>
                    </methods>
                    <lines>
                        <line number="1" hits="1"/>
                        <line number="2" hits="1"/>
                        <line number="3" hits="5"/>
                        <line number="4" hits="5"/>
                        <line number="5" hits="3"/>
                        <line number="7" hits="2" branch="true" condition-coverage="50% (1/2)"/>
                        <line number="8" hits="2"/>
                        <line number="9" hits="0"/>
                        <line number="10" hits="0"/>
                    </lines>
                </class>
                <class name="helpers.py" filename="src/helpers.py" complexity="0" line-rate="1.0" branch-rate="0">
                    <methods/>
                    <lines>
                        <line number="1" hits="3"/>
                        <line number="2" hits="3"/>
                        <line number="3" hits="1"/>
                    </lines>
                </class>
            </classes>
        </package>
    </packages>
</coverage>
