<?xml version="1.0" ?>
<!DOCTYPE coverage SYSTEM "https://cobertura.sourceforge.net/xml/coverage-04.dtd">
<coverage branch-rate="0" branches-covered="0" branches-valid="0" complexity="0" line-rate="0.854380664652568" lines-covered="1414" lines-valid="1655" timestamp="1771271847" version="2.0.3">
    <sources>
        <source>/home/scott/code/covrs</source>
    </sources>
    <packages>
        <package line-rate="0.9380530973451328" branch-rate="0" name="src.parsers" complexity="0">
            <classes>
                <class branch-rate="0" complexity="0" filename="src/parsers/lcov.rs" line-rate="0.9294117647058824" name="src.parsers.lcov.rs">
                    <methods>
                        <method name="&lt;covrs::parsers::lcov::LcovParser as covrs::parsers::CoverageParser&gt;::can_parse::{closure#0}" signature="" complexity="0" line-rate="1" branch-rate="1">
                            <lines>
                                <line hits="9" number="37" branch="false"/>
                            </lines>
                        </method>
                        <method name="&lt;covrs::parsers::lcov::LcovParser as covrs::parsers::CoverageParser&gt;::can_parse::{closure#2}" signature="" complexity="0" line-rate="1" branch-rate="1">
                            <lines>
                                <line hits="40" number="50" branch="false"/>
                            </lines>
                        </method>
                        <method name="&lt;covrs::parsers::lcov::LcovParser as covrs::parsers::CoverageParser&gt;::can_parse::{closure#1}" signature="" complexity="0" line-rate="1" branch-rate="1">
                            <lines>
                                <line hits="40" number="47" branch="false"/>
                            </lines>
                        </method>
                        <method name="&lt;covrs::parsers::lcov::LcovParser as covrs::parsers::CoverageParser&gt;::can_parse::{closure#0}" signature="" complexity="0" line-rate="1" branch-rate="1">
                            <lines>
                                <line hits="6" number="37" branch="false"/>
                            </lines>
                        </method>
                        <method name="&lt;covrs::parsers::lcov::LcovParser as covrs::parsers::CoverageParser&gt;::can_parse::{closure#2}" signature="" complexity="0" line-rate="1" branch-rate="1">
                            <lines>
                                <line hits="6" number="50" branch="false"/>
                            </lines>
                        </method>
                        <method name="&lt;covrs::parsers::lcov::LcovParser as covrs::parsers::CoverageParser&gt;::can_parse::{closure#1}" signature="" complexity="0" line-rate="1" branch-rate="1">
                            <lines>
                                <line hits="5" number="47" branch="false"/>
                            </lines>
                        </method>
                        <method name="covrs::parsers::lcov::parse_inner" signature="" complexity="0" line-rate="1" branch-rate="1">
                            <lines>
                                <line hits="19" number="65" branch="false"/>
                            </lines>
                        </method>
                        <method name="covrs::parsers::lcov::parse" signature="" complexity="0" line-rate="1" branch-rate="1">
                            <lines>
                                <line hits="19" number="60" branch="false"/>
                            </lines>
                        </method>
                        <method name="covrs::parsers::lcov::parse_inner" signature="" complexity="0" line-rate="1" branch-rate="1">
                            <lines>
                                <line hits="5" number="65" branch="false"/>
                            </lines>
                        </method>
                        <method name="covrs::parsers::lcov::parse" signature="" complexity="0" line-rate="1" branch-rate="1">
                            <lines>
                                <line hits="5" number="60" branch="false"/>
                            </lines>
                        </method>
                        <method name="covrs::parsers::lcov::tests::test_parse_lcov" signature="" complexity="0" line-rate="1" branch-rate="1">
                            <lines>
                                <line hits="1" number="194" branch="false"/>
                            </lines>
                        </method>
                        <method name="covrs::parsers::lcov::tests::test_parse_lcov_empty" signature="" complexity="0" line-rate="1" branch-rate="1">
                            <lines>
                                <line hits="1" number="257" branch="false"/>
                            </lines>
                        </method>
                        <method name="covrs::parsers::lcov::tests::test_parse_lcov_negative_counts" signature="" complexity="0" line-rate="1" branch-rate="1">
                            <lines>
                                <line hits="1" number="238" branch="false"/>
                            </lines>
                        </method>
                        <method name="covrs::parsers::lcov::tests::test_parse_lcov_no_end_of_record" signature="" complexity="0" line-rate="1" branch-rate="1">
                            <lines>
                                <line hits="1" number="230" branch="false"/>
                            </lines>
                        </method>
                        <method name="&lt;covrs::parsers::lcov::LcovParser as covrs::parsers::CoverageParser&gt;::parse" signature="" complexity="0" line-rate="1" branch-rate="1">
                            <lines>
                                <line hits="8" number="54" branch="false"/>
                            </lines>
                        </method>
                        <method name="&lt;covrs::parsers::lcov::LcovParser as covrs::parsers::CoverageParser&gt;::format" signature="" complexity="0" line-rate="1" branch-rate="1">
                            <lines>
                                <line hits="8" number="31" branch="false"/>
                            </lines>
                        </method>
                        <method name="&lt;covrs::parsers::lcov::LcovParser as covrs::parsers::CoverageParser&gt;::can_parse" signature="" complexity="0" line-rate="1" branch-rate="1">
                            <lines>
                                <line hits="9" number="35" branch="false"/>
                            </lines>
                        </method>
                        <method name="&lt;covrs::parsers::lcov::LcovParser as covrs::parsers::CoverageParser&gt;::parse" signature="" complexity="0" line-rate="1" branch-rate="1">
                            <lines>
                                <line hits="1" number="54" branch="false"/>
                            </lines>
                        </method>
                        <method name="&lt;covrs::parsers::lcov::LcovParser as covrs::parsers::CoverageParser&gt;::format" signature="" complexity="0" line-rate="1" branch-rate="1">
                            <lines>
                                <line hits="4" number="31" branch="false"/>
                            </lines>
                        </method>
                        <method name="&lt;covrs::parsers::lcov::LcovParser as covrs::parsers::CoverageParser&gt;::can_parse" signature="" complexity="0" line-rate="1" branch-rate="1">
                            <lines>
                                <line hits="6" number="35" branch="false"/>
                            </lines>
                        </method>
                    </methods>
                    <lines>
                        <line branch="false" hits="12" number="31"/>
                        <line branch="false" hits="12" number="32"/>
                        <line branch="false" hits="12" number="33"/>
                        <line branch="false" hits="15" number="35"/>
                        <line branch="false" hits="15" number="37"/>
                        <line branch="false" hits="15" number="38"/>
                        <line branch="false" hits="15" number="39"/>
                        <line branch="false" hits="10" number="40"/>
                        <line branch="false" hits="5" number="41"/>
                        <line branch="false" hits="0" number="42"/>
                        <line branch="false" hits="5" number="45"/>
                        <line branch="false" hits="5" number="46"/>
                        <line branch="false" hits="45" number="47"/>
                        <line branch="false" hits="5" number="48"/>
                        <line branch="false" hits="5" number="49"/>
                        <line branch="false" hits="46" number="50"/>
                        <line branch="false" hits="5" number="51"/>
                        <line branch="false" hits="15" number="52"/>
                        <line branch="false" hits="9" number="54"/>
                        <line branch="false" hits="9" number="55"/>
                        <line branch="false" hits="9" number="56"/>
                        <line branch="false" hits="24" number="60"/>
                        <line branch="false" hits="24" number="61"/>
                        <line branch="false" hits="24" number="62"/>
                        <line branch="false" hits="24" number="63"/>
                        <line branch="false" hits="24" number="65"/>
                        <line branch="false" hits="24" number="66"/>
                        <line branch="false" hits="24" number="67"/>
                        <line branch="false" hits="24" number="70"/>
                        <line branch="false" hits="24" number="74"/>
                        <line branch="false" hits="141" number="76"/>
                        <line branch="false" hits="141" number="77"/>
                        <line branch="false" hits="141" number="78"/>
                        <line branch="false" hits="0" number="79"/>
                        <line branch="false" hits="141" number="80"/>
                        <line branch="false" hits="141" number="82"/>
                        <line branch="false" hits="24" number="83"/>
                        <line branch="false" hits="24" number="84"/>
                        <line branch="false" hits="24" number="85"/>
                        <line branch="false" hits="24" number="86"/>
                        <line branch="false" hits="24" number="87"/>
                        <line branch="false" hits="24" number="88"/>
                        <line branch="false" hits="117" number="89"/>
                        <line branch="false" hits="117" number="92"/>
                        <line branch="false" hits="117" number="93"/>
                        <line branch="false" hits="0" number="94"/>
                        <line branch="false" hits="117" number="97"/>
                        <line branch="false" hits="117" number="98"/>
                        <line branch="false" hits="5" number="99"/>
                        <line branch="false" hits="5" number="100"/>
                        <line branch="false" hits="112" number="101"/>
                        <line branch="false" hits="25" number="102"/>
                        <line branch="false" hits="25" number="103"/>
                        <line branch="false" hits="25" number="104"/>
                        <line branch="false" hits="25" number="105"/>
                        <line branch="false" hits="87" number="106"/>
                        <line branch="false" hits="2" number="108"/>
                        <line branch="false" hits="2" number="109"/>
                        <line branch="false" hits="2" number="110"/>
                        <line branch="false" hits="2" number="111"/>
                        <line branch="false" hits="0" number="112"/>
                        <line branch="false" hits="85" number="114"/>
                        <line branch="false" hits="2" number="116"/>
                        <line branch="false" hits="2" number="117"/>
                        <line branch="false" hits="2" number="118"/>
                        <line branch="false" hits="2" number="119"/>
                        <line branch="false" hits="2" number="120"/>
                        <line branch="false" hits="2" number="121"/>
                        <line branch="false" hits="2" number="122"/>
                        <line branch="false" hits="2" number="123"/>
                        <line branch="false" hits="2" number="124"/>
                        <line branch="false" hits="2" number="125"/>
                        <line branch="false" hits="2" number="126"/>
                        <line branch="false" hits="0" number="127"/>
                        <line branch="false" hits="83" number="129"/>
                        <line branch="false" hits="71" number="133"/>
                        <line branch="false" hits="71" number="134"/>
                        <line branch="false" hits="71" number="135"/>
                        <line branch="false" hits="71" number="136"/>
                        <line branch="false" hits="71" number="137"/>
                        <line branch="false" hits="71" number="138"/>
                        <line branch="false" hits="70" number="139"/>
                        <line branch="false" hits="70" number="140"/>
                        <line branch="false" hits="70" number="141"/>
                        <line branch="false" hits="70" number="142"/>
                        <line branch="false" hits="70" number="143"/>
                        <line branch="false" hits="1" number="144"/>
                        <line branch="false" hits="1" number="145"/>
                        <line branch="false" hits="1" number="146"/>
                        <line branch="false" hits="1" number="147"/>
                        <line branch="false" hits="0" number="149"/>
                        <line branch="false" hits="0" number="150"/>
                        <line branch="false" hits="0" number="151"/>
                        <line branch="false" hits="12" number="153"/>
                        <line branch="false" hits="2" number="156"/>
                        <line branch="false" hits="2" number="157"/>
                        <line branch="false" hits="2" number="158"/>
                        <line branch="false" hits="2" number="159"/>
                        <line branch="false" hits="2" number="160"/>
                        <line branch="false" hits="0" number="161"/>
                        <line branch="false" hits="2" number="163"/>
                        <line branch="false" hits="2" number="165"/>
                        <line branch="false" hits="2" number="166"/>
                        <line branch="false" hits="2" number="167"/>
                        <line branch="false" hits="2" number="168"/>
                        <line branch="false" hits="2" number="169"/>
                        <line branch="false" hits="2" number="170"/>
                        <line branch="false" hits="2" number="171"/>
                        <line branch="false" hits="0" number="172"/>
                        <line branch="false" hits="0" number="173"/>
                        <line branch="false" hits="0" number="174"/>
                        <line branch="false" hits="10" number="177"/>
                        <line branch="false" hits="24" number="182"/>
                        <line branch="false" hits="1" number="183"/>
                        <line branch="false" hits="23" number="184"/>
                        <line branch="false" hits="24" number="186"/>
                        <line branch="false" hits="24" number="187"/>
                        <line branch="false" hits="1" number="194"/>
                        <line branch="false" hits="1" number="195"/>
                        <line branch="false" hits="1" number="196"/>
                        <line branch="false" hits="1" number="198"/>
                        <line branch="false" hits="1" number="200"/>
                        <line branch="false" hits="1" number="201"/>
                        <line branch="false" hits="1" number="202"/>
                        <line branch="false" hits="1" number="203"/>
                        <line branch="false" hits="1" number="204"/>
                        <line branch="false" hits="1" number="205"/>
                        <line branch="false" hits="1" number="206"/>
                        <line branch="false" hits="1" number="208"/>
                        <line branch="false" hits="1" number="209"/>
                        <line branch="false" hits="1" number="210"/>
                        <line branch="false" hits="1" number="211"/>
                        <line branch="false" hits="1" number="212"/>
                        <line branch="false" hits="1" number="213"/>
                        <line branch="false" hits="1" number="215"/>
                        <line branch="false" hits="1" number="216"/>
                        <line branch="false" hits="1" number="217"/>
                        <line branch="false" hits="1" number="218"/>
                        <line branch="false" hits="1" number="219"/>
                        <line branch="false" hits="1" number="220"/>
                        <line branch="false" hits="1" number="222"/>
                        <line branch="false" hits="1" number="223"/>
                        <line branch="false" hits="1" number="224"/>
                        <line branch="false" hits="1" number="225"/>
                        <line branch="false" hits="1" number="226"/>
                        <line branch="false" hits="1" number="227"/>
                        <line branch="false" hits="1" number="230"/>
                        <line branch="false" hits="1" number="231"/>
                        <line branch="false" hits="1" number="232"/>
                        <line branch="false" hits="1" number="233"/>
                        <line branch="false" hits="1" number="234"/>
                        <line branch="false" hits="1" number="235"/>
                        <line branch="false" hits="1" number="238"/>
                        <line branch="false" hits="1" number="241"/>
                        <line branch="false" hits="1" number="242"/>
                        <line branch="false" hits="1" number="244"/>
                        <line branch="false" hits="1" number="245"/>
                        <line branch="false" hits="1" number="247"/>
                        <line branch="false" hits="1" number="248"/>
                        <line branch="false" hits="1" number="249"/>
                        <line branch="false" hits="1" number="250"/>
                        <line branch="false" hits="1" number="251"/>
                        <line branch="false" hits="1" number="252"/>
                        <line branch="false" hits="1" number="253"/>
                        <line branch="false" hits="1" number="254"/>
                        <line branch="false" hits="1" number="257"/>
                        <line branch="false" hits="1" number="260"/>
                        <line branch="false" hits="1" number="261"/>
                        <line branch="false" hits="1" number="262"/>
                        <line branch="false" hits="1" number="263"/>
                    </lines>
                </class>
                <class branch-rate="0" complexity="0" filename="src/parsers/cobertura.rs" line-rate="0.9493670886075949" name="src.parsers.cobertura.rs">
                    <methods>
                        <method name="covrs::parsers::cobertura::parse::{closure#0}" signature="" complexity="0" line-rate="0" branch-rate="0">
                            <lines>
                                <line hits="0" number="90" branch="false"/>
                            </lines>
                        </method>
                        <method name="covrs::parsers::cobertura::parse::{closure#2}" signature="" complexity="0" line-rate="1" branch-rate="1">
                            <lines>
                                <line hits="27" number="136" branch="false"/>
                            </lines>
                        </method>
                        <method name="covrs::parsers::cobertura::parse::{closure#3}" signature="" complexity="0" line-rate="1" branch-rate="1">
                            <lines>
                                <line hits="2" number="143" branch="false"/>
                            </lines>
                        </method>
                        <method name="covrs::parsers::cobertura::parse::{closure#4}" signature="" complexity="0" line-rate="1" branch-rate="1">
                            <lines>
                                <line hits="2" number="148" branch="false"/>
                            </lines>
                        </method>
                        <method name="covrs::parsers::cobertura::parse::{closure#1}" signature="" complexity="0" line-rate="1" branch-rate="1">
                            <lines>
                                <line hits="27" number="130" branch="false"/>
                            </lines>
                        </method>
                        <method name="covrs::parsers::cobertura::get_attr::{closure#0}" signature="" complexity="0" line-rate="1" branch-rate="1">
                            <lines>
                                <line hits="6" number="293" branch="false"/>
                            </lines>
                        </method>
                        <method name="covrs::parsers::cobertura::BRANCH_RE::{closure#0}" signature="" complexity="0" line-rate="1" branch-rate="1">
                            <lines>
                                <line hits="2" number="34" branch="false"/>
                            </lines>
                        </method>
                        <method name="covrs::parsers::cobertura::parse::{closure#0}" signature="" complexity="0" line-rate="1" branch-rate="1">
                            <lines>
                                <line hits="1" number="90" branch="false"/>
                            </lines>
                        </method>
                        <method name="covrs::parsers::cobertura::parse::{closure#2}" signature="" complexity="0" line-rate="1" branch-rate="1">
                            <lines>
                                <line hits="24" number="136" branch="false"/>
                            </lines>
                        </method>
                        <method name="covrs::parsers::cobertura::parse::{closure#3}" signature="" complexity="0" line-rate="1" branch-rate="1">
                            <lines>
                                <line hits="3" number="143" branch="false"/>
                            </lines>
                        </method>
                        <method name="covrs::parsers::cobertura::parse::{closure#4}" signature="" complexity="0" line-rate="1" branch-rate="1">
                            <lines>
                                <line hits="3" number="148" branch="false"/>
                            </lines>
                        </method>
                        <method name="covrs::parsers::cobertura::parse::{closure#1}" signature="" complexity="0" line-rate="1" branch-rate="1">
                            <lines>
                                <line hits="24" number="130" branch="false"/>
                            </lines>
                        </method>
                        <method name="covrs::parsers::cobertura::get_attr::{closure#0}" signature="" complexity="0" line-rate="1" branch-rate="1">
                            <lines>
                                <line hits="8" number="293" branch="false"/>
                            </lines>
                        </method>
                        <method name="covrs::parsers::cobertura::BRANCH_RE::{closure#0}" signature="" complexity="0" line-rate="1" branch-rate="1">
                            <lines>
                                <line hits="1" number="34" branch="false"/>
                            </lines>
                        </method>
                        <method name="covrs::parsers::cobertura::resolve_source_path" signature="" complexity="0" line-rate="1" branch-rate="1">
                            <lines>
                                <line hits="4" number="277" branch="false"/>
                            </lines>
                        </method>
                        <method name="covrs::parsers::cobertura::parse" signature="" complexity="0" line-rate="1" branch-rate="1">
                            <lines>
                                <line hits="2" number="61" branch="false"/>
                            </lines>
                        </method>
                        <method name="covrs::parsers::cobertura::get_attr" signature="" complexity="0" line-rate="1" branch-rate="1">
                            <lines>
                                <line hits="6" number="291" branch="false"/>
                            </lines>
                        </method>
                        <method name="covrs::parsers::cobertura::resolve_source_path" signature="" complexity="0" line-rate="1" branch-rate="1">
                            <lines>
                                <line hits="6" number="277" branch="false"/>
                            </lines>
                        </method>
                        <method name="covrs::parsers::cobertura::parse" signature="" complexity="0" line-rate="1" branch-rate="1">
                            <lines>
                                <line hits="6" number="61" branch="false"/>
                            </lines>
                        </method>
                        <method name="covrs::parsers::cobertura::get_attr" signature="" complexity="0" line-rate="1" branch-rate="1">
                            <lines>
                                <line hits="8" number="291" branch="false"/>
                            </lines>
                        </method>
                        <method name="covrs::parsers::cobertura::tests::test_parse_cobertura" signature="" complexity="0" line-rate="1" branch-rate="1">
                            <lines>
                                <line hits="1" number="301" branch="false"/>
                            </lines>
                        </method>
                        <method name="covrs::parsers::cobertura::tests::test_parse_cobertura_empty" signature="" complexity="0" line-rate="1" branch-rate="1">
                            <lines>
                                <line hits="1" number="376" branch="false"/>
                            </lines>
                        </method>
                        <method name="covrs::parsers::cobertura::tests::test_parse_cobertura_malformed" signature="" complexity="0" line-rate="1" branch-rate="1">
                            <lines>
                                <line hits="1" number="384" branch="false"/>
                            </lines>
                        </method>
                        <method name="covrs::parsers::cobertura::tests::test_parse_cobertura_no_sources" signature="" complexity="0" line-rate="1" branch-rate="1">
                            <lines>
                                <line hits="1" number="368" branch="false"/>
                            </lines>
                        </method>
                        <method name="covrs::parsers::cobertura::tests::test_parse_cobertura_branch_dedup" signature="" complexity="0" line-rate="1" branch-rate="1">
                            <lines>
                                <line hits="1" number="334" branch="false"/>
                            </lines>
                        </method>
                        <method name="covrs::parsers::cobertura::tests::test_parse_cobertura_multiple_sources" signature="" complexity="0" line-rate="1" branch-rate="1">
                            <lines>
                                <line hits="1" number="357" branch="false"/>
                            </lines>
                        </method>
                        <method name="&lt;covrs::parsers::cobertura::CoberturaParser as covrs::parsers::CoverageParser&gt;::parse" signature="" complexity="0" line-rate="1" branch-rate="1">
                            <lines>
                                <line hits="1" number="55" branch="false"/>
                            </lines>
                        </method>
                        <method name="&lt;covrs::parsers::cobertura::CoberturaParser as covrs::parsers::CoverageParser&gt;::format" signature="" complexity="0" line-rate="1" branch-rate="1">
                            <lines>
                                <line hits="1" number="43" branch="false"/>
                            </lines>
                        </method>
                        <method name="&lt;covrs::parsers::cobertura::CoberturaParser as covrs::parsers::CoverageParser&gt;::can_parse" signature="" complexity="0" line-rate="1" branch-rate="1">
                            <lines>
                                <line hits="2" number="47" branch="false"/>
                            </lines>
                        </method>
                        <method name="&lt;covrs::parsers::cobertura::CoberturaParser as covrs::parsers::CoverageParser&gt;::parse" signature="" complexity="0" line-rate="0" branch-rate="0">
                            <lines>
                                <line hits="0" number="55" branch="false"/>
                            </lines>
                        </method>
                        <method name="&lt;covrs::parsers::cobertura::CoberturaParser as covrs::parsers::CoverageParser&gt;::format" signature="" complexity="0" line-rate="1" branch-rate="1">
                            <lines>
                                <line hits="1" number="43" branch="false"/>
                            </lines>
                        </method>
                        <method name="&lt;covrs::parsers::cobertura::CoberturaParser as covrs::parsers::CoverageParser&gt;::can_parse" signature="" complexity="0" line-rate="1" branch-rate="1">
                            <lines>
                                <line hits="2" number="47" branch="false"/>
                            </lines>
                        </method>
                    </methods>
                    <lines>
                        <line branch="false" hits="3" number="34"/>
                        <line branch="false" hits="2" number="43"/>
                        <line branch="false" hits="2" number="44"/>
                        <line branch="false" hits="2" number="45"/>
                        <line branch="false" hits="4" number="47"/>
                        <line branch="false" hits="4" number="48"/>
                        <line branch="false" hits="4" number="49"/>
                        <line branch="false" hits="4" number="52"/>
                        <line branch="false" hits="4" number="53"/>
                        <line branch="false" hits="1" number="55"/>
                        <line branch="false" hits="1" number="56"/>
                        <line branch="false" hits="1" number="57"/>
                        <line branch="false" hits="8" number="61"/>
                        <line branch="false" hits="8" number="62"/>
                        <line branch="false" hits="8" number="63"/>
                        <line branch="false" hits="8" number="65"/>
                        <line branch="false" hits="8" number="66"/>
                        <line branch="false" hits="8" number="69"/>
                        <line branch="false" hits="8" number="70"/>
                        <line branch="false" hits="8" number="71"/>
                        <line branch="false" hits="8" number="72"/>
                        <line branch="false" hits="8" number="73"/>
                        <line branch="false" hits="8" number="74"/>
                        <line branch="false" hits="8" number="75"/>
                        <line branch="false" hits="8" number="78"/>
                        <line branch="false" hits="8" number="79"/>
                        <line branch="false" hits="8" number="81"/>
                        <line branch="false" hits="221" number="84"/>
                        <line branch="false" hits="221" number="85"/>
                        <line branch="false" hits="220" number="86"/>
                        <line branch="false" hits="1" number="87"/>
                        <line branch="false" hits="1" number="88"/>
                        <line branch="false" hits="1" number="89"/>
                        <line branch="false" hits="1" number="90"/>
                        <line branch="false" hits="7" number="92"/>
                        <line branch="false" hits="74" number="93"/>
                        <line branch="false" hits="130" number="94"/>
                        <line branch="false" hits="130" number="95"/>
                        <line branch="false" hits="7" number="100"/>
                        <line branch="false" hits="7" number="101"/>
                        <line branch="false" hits="7" number="102"/>
                        <line branch="false" hits="119" number="104"/>
                        <line branch="false" hits="10" number="105"/>
                        <line branch="false" hits="10" number="106"/>
                        <line branch="false" hits="10" number="107"/>
                        <line branch="false" hits="10" number="108"/>
                        <line branch="false" hits="10" number="109"/>
                        <line branch="false" hits="10" number="110"/>
                        <line branch="false" hits="4" number="112"/>
                        <line branch="false" hits="4" number="113"/>
                        <line branch="false" hits="4" number="114"/>
                        <line branch="false" hits="4" number="115"/>
                        <line branch="false" hits="4" number="116"/>
                        <line branch="false" hits="4" number="117"/>
                        <line branch="false" hits="95" number="118"/>
                        <line branch="false" hits="51" number="119"/>
                        <line branch="false" hits="51" number="121"/>
                        <line branch="false" hits="51" number="122"/>
                        <line branch="false" hits="51" number="123"/>
                        <line branch="false" hits="51" number="124"/>
                        <line branch="false" hits="112" number="126"/>
                        <line branch="false" hits="112" number="127"/>
                        <line branch="false" hits="112" number="128"/>
                        <line branch="false" hits="51" number="130"/>
                        <line branch="false" hits="56" number="132"/>
                        <line branch="false" hits="51" number="133"/>
                        <line branch="false" hits="51" number="134"/>
                        <line branch="false" hits="51" number="135"/>
                        <line branch="false" hits="51" number="136"/>
                        <line branch="false" hits="51" number="137"/>
                        <line branch="false" hits="5" number="140"/>
                        <line branch="false" hits="5" number="141"/>
                        <line branch="false" hits="5" number="142"/>
                        <line branch="false" hits="5" number="143"/>
                        <line branch="false" hits="5" number="144"/>
                        <line branch="false" hits="5" number="146"/>
                        <line branch="false" hits="5" number="147"/>
                        <line branch="false" hits="5" number="148"/>
                        <line branch="false" hits="0" number="150"/>
                        <line branch="false" hits="51" number="154"/>
                        <line branch="false" hits="51" number="155"/>
                        <line branch="false" hits="51" number="161"/>
                        <line branch="false" hits="10" number="162"/>
                        <line branch="false" hits="0" number="163"/>
                        <line branch="false" hits="10" number="164"/>
                        <line branch="false" hits="41" number="165"/>
                        <line branch="false" hits="41" number="166"/>
                        <line branch="false" hits="41" number="167"/>
                        <line branch="false" hits="41" number="168"/>
                        <line branch="false" hits="41" number="169"/>
                        <line branch="false" hits="41" number="170"/>
                        <line branch="false" hits="41" number="171"/>
                        <line branch="false" hits="51" number="174"/>
                        <line branch="false" hits="10" number="175"/>
                        <line branch="false" hits="4" number="176"/>
                        <line branch="false" hits="6" number="177"/>
                        <line branch="false" hits="10" number="178"/>
                        <line branch="false" hits="10" number="179"/>
                        <line branch="false" hits="10" number="180"/>
                        <line branch="false" hits="41" number="181"/>
                        <line branch="false" hits="51" number="187"/>
                        <line branch="false" hits="4" number="188"/>
                        <line branch="false" hits="4" number="189"/>
                        <line branch="false" hits="4" number="190"/>
                        <line branch="false" hits="4" number="191"/>
                        <line branch="false" hits="8" number="193"/>
                        <line branch="false" hits="8" number="198"/>
                        <line branch="false" hits="8" number="199"/>
                        <line branch="false" hits="8" number="200"/>
                        <line branch="false" hits="8" number="201"/>
                        <line branch="false" hits="8" number="202"/>
                        <line branch="false" hits="8" number="203"/>
                        <line branch="false" hits="8" number="204"/>
                        <line branch="false" hits="8" number="205"/>
                        <line branch="false" hits="8" number="206"/>
                        <line branch="false" hits="8" number="207"/>
                        <line branch="false" hits="0" number="209"/>
                        <line branch="false" hits="0" number="210"/>
                        <line branch="false" hits="47" number="211"/>
                        <line branch="false" hits="0" number="212"/>
                        <line branch="false" hits="0" number="213"/>
                        <line branch="false" hits="58" number="215"/>
                        <line branch="false" hits="6" number="218"/>
                        <line branch="false" hits="6" number="219"/>
                        <line branch="false" hits="6" number="220"/>
                        <line branch="false" hits="6" number="221"/>
                        <line branch="false" hits="6" number="222"/>
                        <line branch="false" hits="6" number="223"/>
                        <line branch="false" hits="0" number="224"/>
                        <line branch="false" hits="68" number="226"/>
                        <line branch="false" hits="68" number="227"/>
                        <line branch="false" hits="7" number="228"/>
                        <line branch="false" hits="7" number="229"/>
                        <line branch="false" hits="57" number="230"/>
                        <line branch="false" hits="9" number="231"/>
                        <line branch="false" hits="9" number="232"/>
                        <line branch="false" hits="9" number="233"/>
                        <line branch="false" hits="4" number="236"/>
                        <line branch="false" hits="4" number="237"/>
                        <line branch="false" hits="4" number="238"/>
                        <line branch="false" hits="4" number="240"/>
                        <line branch="false" hits="4" number="241"/>
                        <line branch="false" hits="4" number="242"/>
                        <line branch="false" hits="4" number="243"/>
                        <line branch="false" hits="4" number="244"/>
                        <line branch="false" hits="0" number="246"/>
                        <line branch="false" hits="4" number="247"/>
                        <line branch="false" hits="4" number="248"/>
                        <line branch="false" hits="0" number="249"/>
                        <line branch="false" hits="48" number="251"/>
                        <line branch="false" hits="9" number="253"/>
                        <line branch="false" hits="213" number="255"/>
                        <line branch="false" hits="7" number="259"/>
                        <line branch="false" hits="0" number="260"/>
                        <line branch="false" hits="7" number="261"/>
                        <line branch="false" hits="9" number="265"/>
                        <line branch="false" hits="9" number="266"/>
                        <line branch="false" hits="7" number="269"/>
                        <line branch="false" hits="8" number="270"/>
                        <line branch="false" hits="10" number="277"/>
                        <line branch="false" hits="10" number="278"/>
                        <line branch="false" hits="0" number="279"/>
                        <line branch="false" hits="10" number="280"/>
                        <line branch="false" hits="10" number="281"/>
                        <line branch="false" hits="7" number="282"/>
                        <line branch="false" hits="7" number="283"/>
                        <line branch="false" hits="7" number="284"/>
                        <line branch="false" hits="0" number="285"/>
                        <line branch="false" hits="3" number="287"/>
                        <line branch="false" hits="10" number="288"/>
                        <line branch="false" hits="14" number="291"/>
                        <line branch="false" hits="14" number="292"/>
                        <line branch="false" hits="14" number="293"/>
                        <line branch="false" hits="14" number="294"/>
                        <line branch="false" hits="1" number="301"/>
                        <line branch="false" hits="1" number="302"/>
                        <line branch="false" hits="1" number="303"/>
                        <line branch="false" hits="1" number="305"/>
                        <line branch="false" hits="1" number="307"/>
                        <line branch="false" hits="1" number="308"/>
                        <line branch="false" hits="1" number="309"/>
                        <line branch="false" hits="1" number="310"/>
                        <line branch="false" hits="1" number="311"/>
                        <line branch="false" hits="1" number="312"/>
                        <line branch="false" hits="1" number="313"/>
                        <line branch="false" hits="1" number="316"/>
                        <line branch="false" hits="1" number="317"/>
                        <line branch="false" hits="1" number="318"/>
                        <line branch="false" hits="1" number="319"/>
                        <line branch="false" hits="1" number="322"/>
                        <line branch="false" hits="1" number="323"/>
                        <line branch="false" hits="1" number="324"/>
                        <line branch="false" hits="1" number="325"/>
                        <line branch="false" hits="1" number="327"/>
                        <line branch="false" hits="1" number="328"/>
                        <line branch="false" hits="1" number="329"/>
                        <line branch="false" hits="1" number="330"/>
                        <line branch="false" hits="1" number="331"/>
                        <line branch="false" hits="1" number="334"/>
                        <line branch="false" hits="1" number="337"/>
                        <line branch="false" hits="1" number="338"/>
                        <line branch="false" hits="1" number="340"/>
                        <line branch="false" hits="1" number="341"/>
                        <line branch="false" hits="1" number="344"/>
                        <line branch="false" hits="1" number="347"/>
                        <line branch="false" hits="1" number="348"/>
                        <line branch="false" hits="1" number="349"/>
                        <line branch="false" hits="1" number="350"/>
                        <line branch="false" hits="1" number="351"/>
                        <line branch="false" hits="1" number="352"/>
                        <line branch="false" hits="1" number="353"/>
                        <line branch="false" hits="1" number="354"/>
                        <line branch="false" hits="1" number="357"/>
                        <line branch="false" hits="1" number="359"/>
                        <line branch="false" hits="1" number="360"/>
                        <line branch="false" hits="1" number="362"/>
                        <line branch="false" hits="1" number="364"/>
                        <line branch="false" hits="1" number="365"/>
                        <line branch="false" hits="1" number="368"/>
                        <line branch="false" hits="1" number="369"/>
                        <line branch="false" hits="1" number="370"/>
                        <line branch="false" hits="1" number="371"/>
                        <line branch="false" hits="1" number="372"/>
                        <line branch="false" hits="1" number="373"/>
                        <line branch="false" hits="1" number="376"/>
                        <line branch="false" hits="1" number="378"/>
                        <line branch="false" hits="1" number="379"/>
                        <line branch="false" hits="1" number="380"/>
                        <line branch="false" hits="1" number="381"/>
                        <line branch="false" hits="1" number="384"/>
                        <line branch="false" hits="1" number="386"/>
                        <line branch="false" hits="1" number="387"/>
                        <line branch="false" hits="1" number="388"/>
                        <line branch="false" hits="1" number="389"/>
                        <line branch="false" hits="1" number="391"/>
                        <line branch="false" hits="1" number="392"/>
                        <line branch="false" hits="1" number="395"/>
                    </lines>
                </class>
                <class branch-rate="0" complexity="0" filename="src/parsers/mod.rs" line-rate="0.9111111111111111" name="src.parsers.mod.rs">
                    <methods>
                        <method name="covrs::parsers::detect::{closure#0}" signature="" complexity="0" line-rate="1" branch-rate="1">
                            <lines>
                                <line hits="11" number="68" branch="false"/>
                            </lines>
                        </method>
                        <method name="covrs::parsers::detect::{closure#0}" signature="" complexity="0" line-rate="1" branch-rate="1">
                            <lines>
                                <line hits="8" number="68" branch="false"/>
                            </lines>
                        </method>
                        <method name="covrs::parsers::for_format" signature="" complexity="0" line-rate="1" branch-rate="1">
                            <lines>
                                <line hits="1" number="72" branch="false"/>
                            </lines>
                        </method>
                        <method name="covrs::parsers::all" signature="" complexity="0" line-rate="1" branch-rate="1">
                            <lines>
                                <line hits="9" number="59" branch="false"/>
                            </lines>
                        </method>
                        <method name="covrs::parsers::detect" signature="" complexity="0" line-rate="1" branch-rate="1">
                            <lines>
                                <line hits="9" number="67" branch="false"/>
                            </lines>
                        </method>
                        <method name="covrs::parsers::for_format" signature="" complexity="0" line-rate="0" branch-rate="0">
                            <lines>
                                <line hits="0" number="72" branch="false"/>
                            </lines>
                        </method>
                        <method name="covrs::parsers::all" signature="" complexity="0" line-rate="1" branch-rate="1">
                            <lines>
                                <line hits="6" number="59" branch="false"/>
                            </lines>
                        </method>
                        <method name="covrs::parsers::detect" signature="" complexity="0" line-rate="1" branch-rate="1">
                            <lines>
                                <line hits="6" number="67" branch="false"/>
                            </lines>
                        </method>
                        <method name="covrs::parsers::tests::test_detect_unknown" signature="" complexity="0" line-rate="1" branch-rate="1">
                            <lines>
                                <line hits="1" number="107" branch="false"/>
                            </lines>
                        </method>
                        <method name="covrs::parsers::tests::test_detect_lcov_by_content" signature="" complexity="0" line-rate="1" branch-rate="1">
                            <lines>
                                <line hits="1" number="93" branch="false"/>
                            </lines>
                        </method>
                        <method name="covrs::parsers::tests::test_detect_lcov_by_extension" signature="" complexity="0" line-rate="1" branch-rate="1">
                            <lines>
                                <line hits="1" number="84" branch="false"/>
                            </lines>
                        </method>
                        <method name="covrs::parsers::tests::test_detect_cobertura_by_content" signature="" complexity="0" line-rate="1" branch-rate="1">
                            <lines>
                                <line hits="1" number="100" branch="false"/>
                            </lines>
                        </method>
                        <method name="&lt;covrs::parsers::Format as core::fmt::Display&gt;::fmt" signature="" complexity="0" line-rate="1" branch-rate="1">
                            <lines>
                                <line hits="9" number="32" branch="false"/>
                            </lines>
                        </method>
                        <method name="&lt;covrs::parsers::Format as core::fmt::Display&gt;::fmt" signature="" complexity="0" line-rate="1" branch-rate="1">
                            <lines>
                                <line hits="2" number="32" branch="false"/>
                            </lines>
                        </method>
                        <method name="&lt;covrs::parsers::Format as core::str::traits::FromStr&gt;::from_str" signature="" complexity="0" line-rate="1" branch-rate="1">
                            <lines>
                                <line hits="1" number="43" branch="false"/>
                            </lines>
                        </method>
                        <method name="&lt;covrs::parsers::Format as core::str::traits::FromStr&gt;::from_str" signature="" complexity="0" line-rate="0" branch-rate="0">
                            <lines>
                                <line hits="0" number="43" branch="false"/>
                            </lines>
                        </method>
                    </methods>
                    <lines>
                        <line branch="false" hits="11" number="32"/>
                        <line branch="false" hits="11" number="33"/>
                        <line branch="false" hits="1" number="34"/>
                        <line branch="false" hits="10" number="35"/>
                        <line branch="false" hits="11" number="37"/>
                        <line branch="false" hits="1" number="43"/>
                        <line branch="false" hits="1" number="44"/>
                        <line branch="false" hits="1" number="45"/>
                        <line branch="false" hits="1" number="46"/>
                        <line branch="false" hits="0" number="47"/>
                        <line branch="false" hits="0" number="48"/>
                        <line branch="false" hits="0" number="49"/>
                        <line branch="false" hits="1" number="51"/>
                        <line branch="false" hits="15" number="59"/>
                        <line branch="false" hits="15" number="60"/>
                        <line branch="false" hits="15" number="61"/>
                        <line branch="false" hits="15" number="62"/>
                        <line branch="false" hits="15" number="64"/>
                        <line branch="false" hits="15" number="67"/>
                        <line branch="false" hits="19" number="68"/>
                        <line branch="false" hits="15" number="69"/>
                        <line branch="false" hits="1" number="72"/>
                        <line branch="false" hits="1" number="73"/>
                        <line branch="false" hits="0" number="74"/>
                        <line branch="false" hits="1" number="75"/>
                        <line branch="false" hits="1" number="77"/>
                        <line branch="false" hits="1" number="84"/>
                        <line branch="false" hits="1" number="85"/>
                        <line branch="false" hits="1" number="86"/>
                        <line branch="false" hits="1" number="88"/>
                        <line branch="false" hits="1" number="89"/>
                        <line branch="false" hits="1" number="90"/>
                        <line branch="false" hits="1" number="93"/>
                        <line branch="false" hits="1" number="94"/>
                        <line branch="false" hits="1" number="95"/>
                        <line branch="false" hits="1" number="96"/>
                        <line branch="false" hits="1" number="97"/>
                        <line branch="false" hits="1" number="100"/>
                        <line branch="false" hits="1" number="101"/>
                        <line branch="false" hits="1" number="102"/>
                        <line branch="false" hits="1" number="103"/>
                        <line branch="false" hits="1" number="104"/>
                        <line branch="false" hits="1" number="107"/>
                        <line branch="false" hits="1" number="108"/>
                        <line branch="false" hits="1" number="109"/>
                    </lines>
                </class>
            </classes>
        </package>
        <package line-rate="0.8229426433915212" branch-rate="0" name="src" complexity="0">
            <classes>
                <class branch-rate="0" complexity="0" filename="src/github.rs" line-rate="0" name="src.github.rs">
                    <methods>
                        <method name="&lt;covrs::github::Context&gt;::fetch_diff" signature="" complexity="0" line-rate="0" branch-rate="0">
                            <lines>
                                <line hits="0" number="60" branch="false"/>
                            </lines>
                        </method>
                        <method name="&lt;covrs::github::Context&gt;::post_comment" signature="" complexity="0" line-rate="0" branch-rate="0">
                            <lines>
                                <line hits="0" number="69" branch="false"/>
                            </lines>
                        </method>
                        <method name="&lt;covrs::github::Context&gt;::from_env" signature="" complexity="0" line-rate="0" branch-rate="0">
                            <lines>
                                <line hits="0" number="43" branch="false"/>
                            </lines>
                        </method>
                        <method name="&lt;covrs::github::Context&gt;::fetch_diff" signature="" complexity="0" line-rate="0" branch-rate="0">
                            <lines>
                                <line hits="0" number="60" branch="false"/>
                            </lines>
                        </method>
                        <method name="&lt;covrs::github::Context&gt;::post_comment" signature="" complexity="0" line-rate="0" branch-rate="0">
                            <lines>
                                <line hits="0" number="69" branch="false"/>
                            </lines>
                        </method>
                        <method name="&lt;covrs::github::Context&gt;::from_env" signature="" complexity="0" line-rate="0" branch-rate="0">
                            <lines>
                                <line hits="0" number="43" branch="false"/>
                            </lines>
                        </method>
                        <method name="covrs::github::post_comment" signature="" complexity="0" line-rate="0" branch-rate="0">
                            <lines>
                                <line hits="0" number="131" branch="false"/>
                            </lines>
                        </method>
                        <method name="covrs::github::fetch_pr_diff" signature="" complexity="0" line-rate="0" branch-rate="0">
                            <lines>
                                <line hits="0" number="87" branch="false"/>
                            </lines>
                        </method>
                        <method name="covrs::github::check_response" signature="" complexity="0" line-rate="0" branch-rate="0">
                            <lines>
                                <line hits="0" number="18" branch="false"/>
                            </lines>
                        </method>
                        <method name="covrs::github::github_request" signature="" complexity="0" line-rate="0" branch-rate="0">
                            <lines>
                                <line hits="0" number="9" branch="false"/>
                            </lines>
                        </method>
                        <method name="covrs::github::pr_number_from_ref" signature="" complexity="0" line-rate="0" branch-rate="0">
                            <lines>
                                <line hits="0" number="77" branch="false"/>
                            </lines>
                        </method>
                        <method name="covrs::github::find_existing_comment" signature="" complexity="0" line-rate="0" branch-rate="0">
                            <lines>
                                <line hits="0" number="104" branch="false"/>
                            </lines>
                        </method>
                        <method name="covrs::github::post_comment" signature="" complexity="0" line-rate="0" branch-rate="0">
                            <lines>
                                <line hits="0" number="131" branch="false"/>
                            </lines>
                        </method>
                        <method name="covrs::github::fetch_pr_diff" signature="" complexity="0" line-rate="0" branch-rate="0">
                            <lines>
                                <line hits="0" number="87" branch="false"/>
                            </lines>
                        </method>
                        <method name="covrs::github::check_response" signature="" complexity="0" line-rate="0" branch-rate="0">
                            <lines>
                                <line hits="0" number="18" branch="false"/>
                            </lines>
                        </method>
                        <method name="covrs::github::github_request" signature="" complexity="0" line-rate="0" branch-rate="0">
                            <lines>
                                <line hits="0" number="9" branch="false"/>
                            </lines>
                        </method>
                        <method name="covrs::github::pr_number_from_ref" signature="" complexity="0" line-rate="0" branch-rate="0">
                            <lines>
                                <line hits="0" number="77" branch="false"/>
                            </lines>
                        </method>
                        <method name="covrs::github::find_existing_comment" signature="" complexity="0" line-rate="0" branch-rate="0">
                            <lines>
                                <line hits="0" number="104" branch="false"/>
                            </lines>
                        </method>
                    </methods>
                    <lines>
                        <line branch="false" hits="0" number="9"/>
                        <line branch="false" hits="0" number="10"/>
                        <line branch="false" hits="0" number="11"/>
                        <line branch="false" hits="0" number="12"/>
                        <line branch="false" hits="0" number="13"/>
                        <line branch="false" hits="0" number="14"/>
                        <line branch="false" hits="0" number="15"/>
                        <line branch="false" hits="0" number="18"/>
                        <line branch="false" hits="0" number="19"/>
                        <line branch="false" hits="0" number="20"/>
                        <line branch="false" hits="0" number="21"/>
                        <line branch="false" hits="0" number="22"/>
                        <line branch="false" hits="0" number="23"/>
                        <line branch="false" hits="0" number="24"/>
                        <line branch="false" hits="0" number="25"/>
                        <line branch="false" hits="0" number="26"/>
                        <line branch="false" hits="0" number="28"/>
                        <line branch="false" hits="0" number="30"/>
                        <line branch="false" hits="0" number="43"/>
                        <line branch="false" hits="0" number="44"/>
                        <line branch="false" hits="0" number="45"/>
                        <line branch="false" hits="0" number="46"/>
                        <line branch="false" hits="0" number="47"/>
                        <line branch="false" hits="0" number="48"/>
                        <line branch="false" hits="0" number="49"/>
                        <line branch="false" hits="0" number="50"/>
                        <line branch="false" hits="0" number="51"/>
                        <line branch="false" hits="0" number="52"/>
                        <line branch="false" hits="0" number="53"/>
                        <line branch="false" hits="0" number="54"/>
                        <line branch="false" hits="0" number="55"/>
                        <line branch="false" hits="0" number="56"/>
                        <line branch="false" hits="0" number="57"/>
                        <line branch="false" hits="0" number="60"/>
                        <line branch="false" hits="0" number="61"/>
                        <line branch="false" hits="0" number="65"/>
                        <line branch="false" hits="0" number="66"/>
                        <line branch="false" hits="0" number="69"/>
                        <line branch="false" hits="0" number="70"/>
                        <line branch="false" hits="0" number="71"/>
                        <line branch="false" hits="0" number="72"/>
                        <line branch="false" hits="0" number="73"/>
                        <line branch="false" hits="0" number="77"/>
                        <line branch="false" hits="0" number="78"/>
                        <line branch="false" hits="0" number="79"/>
                        <line branch="false" hits="0" number="80"/>
                        <line branch="false" hits="0" number="81"/>
                        <line branch="false" hits="0" number="83"/>
                        <line branch="false" hits="0" number="85"/>
                        <line branch="false" hits="0" number="87"/>
                        <line branch="false" hits="0" number="88"/>
                        <line branch="false" hits="0" number="89"/>
                        <line branch="false" hits="0" number="90"/>
                        <line branch="false" hits="0" number="91"/>
                        <line branch="false" hits="0" number="92"/>
                        <line branch="false" hits="0" number="93"/>
                        <line branch="false" hits="0" number="94"/>
                        <line branch="false" hits="0" number="95"/>
                        <line branch="false" hits="0" number="104"/>
                        <line branch="false" hits="0" number="105"/>
                        <line branch="false" hits="0" number="107"/>
                        <line branch="false" hits="0" number="110"/>
                        <line branch="false" hits="0" number="111"/>
                        <line branch="false" hits="0" number="112"/>
                        <line branch="false" hits="0" number="114"/>
                        <line branch="false" hits="0" number="115"/>
                        <line branch="false" hits="0" number="116"/>
                        <line branch="false" hits="0" number="117"/>
                        <line branch="false" hits="0" number="118"/>
                        <line branch="false" hits="0" number="119"/>
                        <line branch="false" hits="0" number="120"/>
                        <line branch="false" hits="0" number="121"/>
                        <line branch="false" hits="0" number="122"/>
                        <line branch="false" hits="0" number="123"/>
                        <line branch="false" hits="0" number="125"/>
                        <line branch="false" hits="0" number="127"/>
                        <line branch="false" hits="0" number="128"/>
                        <line branch="false" hits="0" number="131"/>
                        <line branch="false" hits="0" number="132"/>
                        <line branch="false" hits="0" number="134"/>
                        <line branch="false" hits="0" number="135"/>
                        <line branch="false" hits="0" number="136"/>
                        <line branch="false" hits="0" number="137"/>
                        <line branch="false" hits="0" number="138"/>
                        <line branch="false" hits="0" number="139"/>
                        <line branch="false" hits="0" number="142"/>
                        <line branch="false" hits="0" number="143"/>
                        <line branch="false" hits="0" number="144"/>
                        <line branch="false" hits="0" number="145"/>
                        <line branch="false" hits="0" number="149"/>
                        <line branch="false" hits="0" number="150"/>
                    </lines>
                </class>
                <class branch-rate="0" complexity="0" filename="src/model.rs" line-rate="0.875" name="src.model.rs">
                    <methods>
                        <method name="&lt;covrs::model::FileCoverage&gt;::new" signature="" complexity="0" line-rate="1" branch-rate="1">
                            <lines>
                                <line hits="25" number="49" branch="false"/>
                            </lines>
                        </method>
                        <method name="&lt;covrs::model::FileCoverage&gt;::new" signature="" complexity="0" line-rate="1" branch-rate="1">
                            <lines>
                                <line hits="11" number="49" branch="false"/>
                            </lines>
                        </method>
                        <method name="&lt;covrs::model::ReportSummary&gt;::branch_rate" signature="" complexity="0" line-rate="0" branch-rate="0">
                            <lines>
                                <line hits="0" number="88" branch="false"/>
                            </lines>
                        </method>
                        <method name="&lt;covrs::model::ReportSummary&gt;::function_rate" signature="" complexity="0" line-rate="0" branch-rate="0">
                            <lines>
                                <line hits="0" number="93" branch="false"/>
                            </lines>
                        </method>
                        <method name="&lt;covrs::model::ReportSummary&gt;::line_rate" signature="" complexity="0" line-rate="0" branch-rate="0">
                            <lines>
                                <line hits="0" number="83" branch="false"/>
                            </lines>
                        </method>
                        <method name="&lt;covrs::model::ReportSummary&gt;::branch_rate" signature="" complexity="0" line-rate="0" branch-rate="0">
                            <lines>
                                <line hits="0" number="88" branch="false"/>
                            </lines>
                        </method>
                        <method name="&lt;covrs::model::ReportSummary&gt;::function_rate" signature="" complexity="0" line-rate="1" branch-rate="1">
                            <lines>
                                <line hits="1" number="93" branch="false"/>
                            </lines>
                        </method>
                        <method name="&lt;covrs::model::ReportSummary&gt;::line_rate" signature="" complexity="0" line-rate="1" branch-rate="1">
                            <lines>
                                <line hits="5" number="83" branch="false"/>
                            </lines>
                        </method>
                        <method name="&lt;covrs::model::FileSummary&gt;::line_rate" signature="" complexity="0" line-rate="0" branch-rate="0">
                            <lines>
                                <line hits="0" number="110" branch="false"/>
                            </lines>
                        </method>
                        <method name="&lt;covrs::model::FileSummary&gt;::line_rate" signature="" complexity="0" line-rate="1" branch-rate="1">
                            <lines>
                                <line hits="6" number="110" branch="false"/>
                            </lines>
                        </method>
                        <method name="&lt;covrs::model::FileDiffCoverage&gt;::rate" signature="" complexity="0" line-rate="0" branch-rate="0">
                            <lines>
                                <line hits="0" number="147" branch="false"/>
                            </lines>
                        </method>
                        <method name="&lt;covrs::model::FileDiffCoverage&gt;::total" signature="" complexity="0" line-rate="0" branch-rate="0">
                            <lines>
                                <line hits="0" number="142" branch="false"/>
                            </lines>
                        </method>
                        <method name="&lt;covrs::model::FileDiffCoverage&gt;::rate" signature="" complexity="0" line-rate="1" branch-rate="1">
                            <lines>
                                <line hits="4" number="147" branch="false"/>
                            </lines>
                        </method>
                        <method name="&lt;covrs::model::FileDiffCoverage&gt;::total" signature="" complexity="0" line-rate="1" branch-rate="1">
                            <lines>
                                <line hits="6" number="142" branch="false"/>
                            </lines>
                        </method>
                        <method name="&lt;covrs::model::CoverageData&gt;::new" signature="" complexity="0" line-rate="1" branch-rate="1">
                            <lines>
                                <line hits="22" number="64" branch="false"/>
                            </lines>
                        </method>
                        <method name="&lt;covrs::model::CoverageData&gt;::new" signature="" complexity="0" line-rate="1" branch-rate="1">
                            <lines>
                                <line hits="11" number="64" branch="false"/>
                            </lines>
                        </method>
                        <method name="covrs::model::rate" signature="" complexity="0" line-rate="0" branch-rate="0">
                            <lines>
                                <line hits="0" number="7" branch="false"/>
                            </lines>
                        </method>
                        <method name="covrs::model::rate" signature="" complexity="0" line-rate="1" branch-rate="1">
                            <lines>
                                <line hits="23" number="7" branch="false"/>
                            </lines>
                        </method>
                    </methods>
                    <lines>
                        <line branch="false" hits="23" number="7"/>
                        <line branch="false" hits="23" number="8"/>
                        <line branch="false" hits="0" number="9"/>
                        <line branch="false" hits="23" number="11"/>
                        <line branch="false" hits="23" number="13"/>
                        <line branch="false" hits="36" number="49"/>
                        <line branch="false" hits="36" number="50"/>
                        <line branch="false" hits="36" number="51"/>
                        <line branch="false" hits="36" number="52"/>
                        <line branch="false" hits="36" number="53"/>
                        <line branch="false" hits="36" number="54"/>
                        <line branch="false" hits="33" number="64"/>
                        <line branch="false" hits="33" number="65"/>
                        <line branch="false" hits="33" number="66"/>
                        <line branch="false" hits="5" number="83"/>
                        <line branch="false" hits="5" number="84"/>
                        <line branch="false" hits="5" number="85"/>
                        <line branch="false" hits="0" number="88"/>
                        <line branch="false" hits="0" number="89"/>
                        <line branch="false" hits="0" number="90"/>
                        <line branch="false" hits="1" number="93"/>
                        <line branch="false" hits="1" number="94"/>
                        <line branch="false" hits="1" number="95"/>
                        <line branch="false" hits="6" number="110"/>
                        <line branch="false" hits="6" number="111"/>
                        <line branch="false" hits="6" number="112"/>
                        <line branch="false" hits="6" number="142"/>
                        <line branch="false" hits="6" number="143"/>
                        <line branch="false" hits="6" number="144"/>
                        <line branch="false" hits="4" number="147"/>
                        <line branch="false" hits="4" number="148"/>
                        <line branch="false" hits="4" number="149"/>
                    </lines>
                </class>
                <class branch-rate="0" complexity="0" filename="src/main.rs" line-rate="0" name="src.main.rs">
                    <methods>
                        <method name="covrs::run_diff_coverage" signature="" complexity="0" line-rate="0" branch-rate="0">
                            <lines>
                                <line hits="0" number="143" branch="false"/>
                            </lines>
                        </method>
                        <method name="covrs::main" signature="" complexity="0" line-rate="0" branch-rate="0">
                            <lines>
                                <line hits="0" number="100" branch="false"/>
                            </lines>
                        </method>
                        <method name="covrs::run_diff_coverage" signature="" complexity="0" line-rate="0" branch-rate="0">
                            <lines>
                                <line hits="0" number="143" branch="false"/>
                            </lines>
                        </method>
                        <method name="covrs::main" signature="" complexity="0" line-rate="0" branch-rate="0">
                            <lines>
                                <line hits="0" number="100" branch="false"/>
                            </lines>
                        </method>
                    </methods>
                    <lines>
                        <line branch="false" hits="0" number="100"/>
                        <line branch="false" hits="0" number="101"/>
                        <line branch="false" hits="0" number="103"/>
                        <line branch="false" hits="0" number="104"/>
                        <line branch="false" hits="0" number="106"/>
                        <line branch="false" hits="0" number="108"/>
                        <line branch="false" hits="0" number="109"/>
                        <line branch="false" hits="0" number="110"/>
                        <line branch="false" hits="0" number="111"/>
                        <line branch="false" hits="0" number="113"/>
                        <line branch="false" hits="0" number="114"/>
                        <line branch="false" hits="0" number="115"/>
                        <line branch="false" hits="0" number="116"/>
                        <line branch="false" hits="0" number="117"/>
                        <line branch="false" hits="0" number="118"/>
                        <line branch="false" hits="0" number="119"/>
                        <line branch="false" hits="0" number="120"/>
                        <line branch="false" hits="0" number="122"/>
                        <line branch="false" hits="0" number="123"/>
                        <line branch="false" hits="0" number="124"/>
                        <line branch="false" hits="0" number="125"/>
                        <line branch="false" hits="0" number="128"/>
                        <line branch="false" hits="0" number="129"/>
                        <line branch="false" hits="0" number="130"/>
                        <line branch="false" hits="0" number="132"/>
                        <line branch="false" hits="0" number="133"/>
                        <line branch="false" hits="0" number="134"/>
                        <line branch="false" hits="0" number="135"/>
                        <line branch="false" hits="0" number="136"/>
                        <line branch="false" hits="0" number="139"/>
                        <line branch="false" hits="0" number="140"/>
                        <line branch="false" hits="0" number="143"/>
                        <line branch="false" hits="0" number="144"/>
[...]
                        <line branch="false" hits="14" number="200"/>
                        <line branch="false" hits="14" number="201"/>
                        <line branch="false" hits="14" number="202"/>
                        <line branch="false" hits="14" number="203"/>
                        <line branch="false" hits="10" number="207"/>
                        <line branch="false" hits="10" number="208"/>
                        <line branch="false" hits="10" number="209"/>
                        <line branch="false" hits="10" number="210"/>
                        <line branch="false" hits="10" number="211"/>
                        <line branch="false" hits="10" number="212"/>
                        <line branch="false" hits="10" number="213"/>
                        <line branch="false" hits="10" number="214"/>
                        <line branch="false" hits="10" number="215"/>
                        <line branch="false" hits="10" number="216"/>
                        <line branch="false" hits="10" number="217"/>
                        <line branch="false" hits="10" number="218"/>
                        <line branch="false" hits="10" number="219"/>
                        <line branch="false" hits="10" number="220"/>
                        <line branch="false" hits="10" number="221"/>
                        <line branch="false" hits="10" number="222"/>
                        <line branch="false" hits="10" number="223"/>
                        <line branch="false" hits="10" number="224"/>
                        <line branch="false" hits="10" number="225"/>
                        <line branch="false" hits="10" number="226"/>
                        <line branch="false" hits="10" number="227"/>
                        <line branch="false" hits="10" number="228"/>
                        <line branch="false" hits="10" number="229"/>
                        <line branch="false" hits="10" number="230"/>
                        <line branch="false" hits="10" number="231"/>
                        <line branch="false" hits="10" number="232"/>
                        <line branch="false" hits="10" number="233"/>
                        <line branch="false" hits="10" number="234"/>
                        <line branch="false" hits="10" number="235"/>
                        <line branch="false" hits="10" number="236"/>
                        <line branch="false" hits="10" number="237"/>
                        <line branch="false" hits="10" number="238"/>
                        <line branch="false" hits="10" number="239"/>
                        <line branch="false" hits="10" number="240"/>
                        <line branch="false" hits="10" number="241"/>
                        <line branch="false" hits="10" number="242"/>
                        <line branch="false" hits="10" number="243"/>
                        <line branch="false" hits="10" number="244"/>
                        <line branch="false" hits="10" number="245"/>
                        <line branch="false" hits="10" number="246"/>
                        <line branch="false" hits="10" number="247"/>
                        <line branch="false" hits="10" number="248"/>
                        <line branch="false" hits="10" number="249"/>
                        <line branch="false" hits="10" number="250"/>
                        <line branch="false" hits="10" number="251"/>
                        <line branch="false" hits="10" number="252"/>
                        <line branch="false" hits="10" number="253"/>
                        <line branch="false" hits="10" number="254"/>
                        <line branch="false" hits="10" number="255"/>
                        <line branch="false" hits="10" number="256"/>
                        <line branch="false" hits="1" number="259"/>
                        <line branch="false" hits="1" number="260"/>
                        <line branch="false" hits="1" number="261"/>
                        <line branch="false" hits="1" number="263"/>
                        <line branch="false" hits="1" number="265"/>
                        <line branch="false" hits="1" number="266"/>
                        <line branch="false" hits="1" number="267"/>
                        <line branch="false" hits="1" number="268"/>
                        <line branch="false" hits="1" number="269"/>
                        <line branch="false" hits="1" number="272"/>
                        <line branch="false" hits="1" number="273"/>
                        <line branch="false" hits="1" number="274"/>
                        <line branch="false" hits="1" number="276"/>
                        <line branch="false" hits="1" number="278"/>
                        <line branch="false" hits="1" number="279"/>
                        <line branch="false" hits="1" number="280"/>
                        <line branch="false" hits="1" number="281"/>
                        <line branch="false" hits="1" number="284"/>
                        <line branch="false" hits="1" number="285"/>
                        <line branch="false" hits="1" number="287"/>
                        <line branch="false" hits="1" number="289"/>
                        <line branch="false" hits="1" number="290"/>
                        <line branch="false" hits="1" number="293"/>
                        <line branch="false" hits="1" number="294"/>
                        <line branch="false" hits="1" number="295"/>
                        <line branch="false" hits="1" number="297"/>
                        <line branch="false" hits="1" number="299"/>
                        <line branch="false" hits="1" number="300"/>
                        <line branch="false" hits="1" number="301"/>
                        <line branch="false" hits="1" number="302"/>
                        <line branch="false" hits="1" number="303"/>
                        <line branch="false" hits="1" number="306"/>
                        <line branch="false" hits="1" number="307"/>
                        <line branch="false" hits="1" number="308"/>
                        <line branch="false" hits="1" number="310"/>
                        <line branch="false" hits="1" number="314"/>
                        <line branch="false" hits="1" number="315"/>
                        <line branch="false" hits="1" number="316"/>
                        <line branch="false" hits="1" number="317"/>
                        <line branch="false" hits="1" number="320"/>
                        <line branch="false" hits="1" number="321"/>
                        <line branch="false" hits="1" number="322"/>
                        <line branch="false" hits="1" number="324"/>
                        <line branch="false" hits="1" number="326"/>
                        <line branch="false" hits="1" number="327"/>
                        <line branch="false" hits="1" number="328"/>
                        <line branch="false" hits="1" number="329"/>
                        <line branch="false" hits="1" number="330"/>
                        <line branch="false" hits="1" number="333"/>
                        <line branch="false" hits="1" number="334"/>
                        <line branch="false" hits="1" number="336"/>
                        <line branch="false" hits="1" number="337"/>
                        <line branch="false" hits="1" number="338"/>
                        <line branch="false" hits="1" number="341"/>
                        <line branch="false" hits="1" number="342"/>
                        <line branch="false" hits="1" number="343"/>
                        <line branch="false" hits="1" number="345"/>
                        <line branch="false" hits="1" number="347"/>
                        <line branch="false" hits="1" number="348"/>
                        <line branch="false" hits="1" number="349"/>
                        <line branch="false" hits="1" number="350"/>
                        <line branch="false" hits="1" number="353"/>
                        <line branch="false" hits="1" number="354"/>
                        <line branch="false" hits="1" number="355"/>
                        <line branch="false" hits="1" number="357"/>
                        <line branch="false" hits="1" number="359"/>
                        <line branch="false" hits="1" number="360"/>
                        <line branch="false" hits="1" number="363"/>
                        <line branch="false" hits="1" number="364"/>
                        <line branch="false" hits="1" number="365"/>
                        <line branch="false" hits="1" number="367"/>
                        <line branch="false" hits="1" number="368"/>
                        <line branch="false" hits="1" number="369"/>
                        <line branch="false" hits="1" number="370"/>
                        <line branch="false" hits="1" number="371"/>
                        <line branch="false" hits="1" number="372"/>
                        <line branch="false" hits="1" number="373"/>
                        <line branch="false" hits="1" number="374"/>
                        <line branch="false" hits="1" number="375"/>
                        <line branch="false" hits="1" number="376"/>
                        <line branch="false" hits="1" number="378"/>
                        <line branch="false" hits="1" number="380"/>
                        <line branch="false" hits="1" number="381"/>
                        <line branch="false" hits="1" number="382"/>
                        <line branch="false" hits="1" number="385"/>
                        <line branch="false" hits="1" number="386"/>
                        <line branch="false" hits="1" number="387"/>
                        <line branch="false" hits="1" number="389"/>
                        <line branch="false" hits="1" number="390"/>
                        <line branch="false" hits="1" number="391"/>
                        <line branch="false" hits="1" number="392"/>
                        <line branch="false" hits="1" number="393"/>
                        <line branch="false" hits="1" number="394"/>
                        <line branch="false" hits="1" number="395"/>
                        <line branch="false" hits="1" number="396"/>
                        <line branch="false" hits="1" number="397"/>
                        <line branch="false" hits="1" number="398"/>
                        <line branch="false" hits="1" number="400"/>
                        <line branch="false" hits="1" number="401"/>
                        <line branch="false" hits="1" number="403"/>
                        <line branch="false" hits="1" number="404"/>
                        <line branch="false" hits="1" number="405"/>
                        <line branch="false" hits="1" number="408"/>
                        <line branch="false" hits="1" number="409"/>
                        <line branch="false" hits="1" number="410"/>
                        <line branch="false" hits="1" number="412"/>
                        <line branch="false" hits="1" number="414"/>
                        <line branch="false" hits="1" number="415"/>
                        <line branch="false" hits="1" number="418"/>
                        <line branch="false" hits="1" number="419"/>
                        <line branch="false" hits="1" number="421"/>
                        <line branch="false" hits="1" number="422"/>
                        <line branch="false" hits="1" number="423"/>
                        <line branch="false" hits="1" number="424"/>
                        <line branch="false" hits="1" number="425"/>
                        <line branch="false" hits="1" number="426"/>
                        <line branch="false" hits="1" number="427"/>
                        <line branch="false" hits="1" number="428"/>
                        <line branch="false" hits="1" number="429"/>
                        <line branch="false" hits="1" number="430"/>
                        <line branch="false" hits="1" number="431"/>
                        <line branch="false" hits="1" number="432"/>
                        <line branch="false" hits="1" number="433"/>
                        <line branch="false" hits="1" number="434"/>
                        <line branch="false" hits="1" number="435"/>
                        <line branch="false" hits="1" number="436"/>
                        <line branch="false" hits="1" number="437"/>
                        <line branch="false" hits="1" number="438"/>
                        <line branch="false" hits="1" number="440"/>
                        <line branch="false" hits="1" number="441"/>
                        <line branch="false" hits="1" number="442"/>
                        <line branch="false" hits="1" number="443"/>
                        <line branch="false" hits="1" number="444"/>
                        <line branch="false" hits="1" number="445"/>
                        <line branch="false" hits="1" number="446"/>
                        <line branch="false" hits="1" number="447"/>
                        <line branch="false" hits="1" number="449"/>
                        <line branch="false" hits="1" number="451"/>
                        <line branch="false" hits="1" number="452"/>
                        <line branch="false" hits="1" number="453"/>
                        <line branch="false" hits="1" number="456"/>
                        <line branch="false" hits="1" number="457"/>
                        <line branch="false" hits="1" number="459"/>
                        <line branch="false" hits="1" number="460"/>
                        <line branch="false" hits="1" number="461"/>
                        <line branch="false" hits="1" number="463"/>
                        <line branch="false" hits="1" number="465"/>
                        <line branch="false" hits="1" number="466"/>
                        <line branch="false" hits="1" number="467"/>
                        <line branch="false" hits="1" number="470"/>
                        <line branch="false" hits="1" number="471"/>
                        <line branch="false" hits="1" number="472"/>
                        <line branch="false" hits="1" number="473"/>
                    </lines>
                </class>
                <class branch-rate="0" complexity="0" filename="src/ingest.rs" line-rate="1" name="src.ingest.rs">
                    <methods>
                        <method name="covrs::ingest::ingest::{closure#0}" signature="" complexity="0" line-rate="0" branch-rate="0">
                            <lines>
                                <line hits="0" number="20" branch="false"/>
                            </lines>
                        </method>
                        <method name="covrs::ingest::ingest::{closure#2}" signature="" complexity="0" line-rate="1" branch-rate="1">
                            <lines>
                                <line hits="3" number="47" branch="false"/>
                            </lines>
                        </method>
                        <method name="covrs::ingest::ingest::{closure#1}" signature="" complexity="0" line-rate="1" branch-rate="1">
                            <lines>
                                <line hits="1" number="28" branch="false"/>
                            </lines>
                        </method>
                        <method name="covrs::ingest::ingest::{closure#0}" signature="" complexity="0" line-rate="0" branch-rate="0">
                            <lines>
                                <line hits="0" number="20" branch="false"/>
                            </lines>
                        </method>
                        <method name="covrs::ingest::ingest::{closure#2}" signature="" complexity="0" line-rate="0" branch-rate="0">
                            <lines>
                                <line hits="0" number="47" branch="false"/>
                            </lines>
                        </method>
                        <method name="covrs::ingest::ingest::{closure#1}" signature="" complexity="0" line-rate="0" branch-rate="0">
                            <lines>
                                <line hits="0" number="28" branch="false"/>
                            </lines>
                        </method>
                        <method name="covrs::ingest::ingest" signature="" complexity="0" line-rate="1" branch-rate="1">
                            <lines>
                                <line hits="10" number="12" branch="false"/>
                            </lines>
                        </method>
                        <method name="covrs::ingest::ingest" signature="" complexity="0" line-rate="1" branch-rate="1">
                            <lines>
                                <line hits="1" number="12" branch="false"/>
                            </lines>
                        </method>
                    </methods>
                    <lines>
                        <line branch="false" hits="11" number="12"/>
                        <line branch="false" hits="11" number="13"/>
                        <line branch="false" hits="11" number="14"/>
                        <line branch="false" hits="11" number="15"/>
                        <line branch="false" hits="11" number="16"/>
                        <line branch="false" hits="11" number="17"/>
                        <line branch="false" hits="11" number="18"/>
                        <line branch="false" hits="11" number="19"/>
                        <line branch="false" hits="11" number="20"/>
                        <line branch="false" hits="11" number="23"/>
                        <line branch="false" hits="1" number="24"/>
                        <line branch="false" hits="1" number="25"/>
                        <line branch="false" hits="10" number="27"/>
                        <line branch="false" hits="10" number="28"/>
                        <line branch="false" hits="10" number="31"/>
                        <line branch="false" hits="10" number="32"/>
                        <line branch="false" hits="10" number="35"/>
                        <line branch="false" hits="1" number="36"/>
                        <line branch="false" hits="1" number="37"/>
                        <line branch="false" hits="1" number="38"/>
                        <line branch="false" hits="1" number="39"/>
                        <line branch="false" hits="9" number="40"/>
                        <line branch="false" hits="10" number="43"/>
                        <line branch="false" hits="7" number="44"/>
                        <line branch="false" hits="3" number="45"/>
                        <line branch="false" hits="3" number="46"/>
                        <line branch="false" hits="3" number="47"/>
                        <line branch="false" hits="3" number="48"/>
                        <line branch="false" hits="3" number="49"/>
                        <line branch="false" hits="10" number="52"/>
                        <line branch="false" hits="10" number="54"/>
                        <line branch="false" hits="10" number="55"/>
                        <line branch="false" hits="10" number="56"/>
                        <line branch="false" hits="10" number="57"/>
                        <line branch="false" hits="10" number="58"/>
                        <line branch="false" hits="10" number="59"/>
                        <line branch="false" hits="10" number="60"/>
                        <line branch="false" hits="1" number="61"/>
                        <line branch="false" hits="9" number="63"/>
                        <line branch="false" hits="11" number="64"/>
                    </lines>
                </class>
            </classes>
        </package>
    </packages>
</coverage>